[    0.000000] Linux version 4.15.0-213-generic (buildd@lcy02-amd64-079) (gcc version 7.5.0 (Ubuntu 7.5.0-3ubuntu1~18.04)) #224-Ubuntu SMP Mon Jun 19 13:30:12 UTC 2023 (Ubuntu 4.15.0-213.224-generic 4.15.18)
[    0.000000] Command line: BOOT_IMAGE=/boot/vmlinuz-4.15.0-213-generic root=UUID=f685bb41-0e3b-40c4-89c1-eea0f0583525 ro console=tty1 console=ttyS0
[    0.000000] KERNEL supported cpus:
[    0.000000]   Intel GenuineIntel
[    0.000000]   AMD AuthenticAMD
[    0.000000]   Centaur CentaurHauls
[    0.000000] x86/fpu: x87 FPU will use FXSAVE
[    0.000000] e820: BIOS-provided physical RAM map:
[    0.000000] BIOS-e820: [mem 0x0000000000000000-0x000000000009fbff] usable
[    0.000000] BIOS-e820: [mem 0x000000000009fc00-0x000000000009ffff] reserved
[    0.000000] BIOS-e820: [mem 0x00000000000f0000-0x00000000000fffff] reserved
[    0.000000] BIOS-e820: [mem 0x0000000000100000-0x000000007ffeffff] usable
[    0.000000] BIOS-e820: [mem 0x000000007fff0000-0x000000007fffffff] ACPI data
[    0.000000] BIOS-e820: [mem 0x00000000fec00000-0x00000000fec00fff] reserved
[    0.000000] BIOS-e820: [mem 0x00000000fee00000-0x00000000fee00fff] reserved
[    0.000000] BIOS-e820: [mem 0x00000000fffc0000-0x00000000ffffffff] reserved
[    0.000000] NX (Execute Disable) protection: active
[    0.000000] SMBIOS 2.5 present.
[    0.000000] DMI: innotek GmbH VirtualBox/VirtualBox, BIOS VirtualBox 12/01/2006
[    0.000000] Hypervisor detected: KVM
[    0.000000] e820: last_pfn = 0x7fff0 max_arch_pfn = 0x400000000
[    0.000000] MTRR: Disabled
[    0.000000] x86/PAT: MTRRs disabled, skipping PAT initialization too.
[    0.000000] CPU MTRRs all blank - virtualized system.
[    0.000000] x86/PAT: Configuration [0-7]: WB  WT  UC- UC  WB  WT  UC- UC  
[    0.000000] found SMP MP-table at [mem 0x0009fff0-0x0009ffff]
[    0.000000] Scanning 1 areas for low memory corruption
[    0.000000] RAMDISK: [mem 0x35819000-0x36c03fff]
[    0.000000] ACPI: Early table checksum verification disabled
[    0.000000] ACPI: RSDP 0x00000000000E0000 000024 (v02 VBOX  )
[    0.000000] ACPI: XSDT 0x000000007FFF0030 00003C (v01 VBOX   VBOXXSDT 00000001 ASL  00000061)
[    0.000000] ACPI: FACP 0x000000007FFF00F0 0000F4 (v04 VBOX   VBOXFACP 00000001 ASL  00000061)
[    0.000000] ACPI: DSDT 0x000000007FFF0470 002325 (v02 VBOX   VBOXBIOS 00000002 INTL 20100528)
[    0.000000] ACPI: FACS 0x000000007FFF0200 000040
[    0.000000] ACPI: FACS 0x000000007FFF0200 000040
[    0.000000] ACPI: APIC 0x000000007FFF0240 00005C (v02 VBOX   VBOXAPIC 00000001 ASL  00000061)
[    0.000000] ACPI: SSDT 0x000000007FFF02A0 0001CC (v01 VBOX   VBOXCPUT 00000002 INTL 20100528)
[    0.000000] ACPI: Reserving FACP table memory at [mem 0x7fff00f0-0x7fff01e3]
[    0.000000] ACPI: Reserving DSDT table memory at [mem 0x7fff0470-0x7fff2794]
[    0.000000] ACPI: Reserving FACS table memory at [mem 0x7fff0200-0x7fff023f]
[    0.000000] ACPI: Reserving FACS table memory at [mem 0x7fff0200-0x7fff023f]
[    0.000000] ACPI: Reserving APIC table memory at [mem 0x7fff0240-0x7fff029b]
[    0.000000] ACPI: Reserving SSDT table memory at [mem 0x7fff02a0-0x7fff046b]
[    0.000000] No NUMA configuration found
[    0.000000] Faking a node at [mem 0x0000000000000000-0x000000007ffeffff]
[    0.000000] NODE_DATA(0) allocated [mem 0x7ffc5000-0x7ffeffff]
[    0.000000] kvm-clock: cpu 0, msr 0:7ff44001, primary cpu clock
[    0.000000] kvm-clock: Using msrs 4b564d01 and 4b564d00
[    0.000000] kvm-clock: using sched offset of 8824407331 cycles
[    0.000000] clocksource: kvm-clock: mask: 0xffffffffffffffff max_cycles: 0x1cd42e4dffb, max_idle_ns: 881590591483 ns
[    0.000000] Zone ranges:
[    0.000000]   DMA      [mem 0x0000000000001000-0x0000000000ffffff]
[    0.000000]   DMA32    [mem 0x0000000001000000-0x000000007ffeffff]
[    0.000000]   Normal   empty
[    0.000000]   Device   empty
[    0.000000] Movable zone start for each node
[    0.000000] Early memory node ranges
[    0.000000]   node   0: [mem 0x0000000000001000-0x000000000009efff]
[    0.000000]   node   0: [mem 0x0000000000100000-0x000000007ffeffff]
[    0.000000] Reserved but unavailable: 104 pages
[    0.000000] Initmem setup node 0 [mem 0x0000000000001000-0x000000007ffeffff]
[    0.000000] ACPI: PM-Timer IO Port: 0x4008
[    0.000000] IOAPIC[0]: apic_id 2, version 32, address 0xfec00000, GSI 0-23
[    0.000000] ACPI: INT_SRC_OVR (bus 0 bus_irq 0 global_irq 2 dfl dfl)
[    0.000000] ACPI: INT_SRC_OVR (bus 0 bus_irq 9 global_irq 9 low level)
[    0.000000] Using ACPI (MADT) for SMP configuration information
[    0.000000] smpboot: Allowing 2 CPUs, 0 hotplug CPUs
[    0.000000] PM: Registered nosave memory: [mem 0x00000000-0x00000fff]
[    0.000000] PM: Registered nosave memory: [mem 0x0009f000-0x0009ffff]
[    0.000000] PM: Registered nosave memory: [mem 0x000a0000-0x000effff]
[    0.000000] PM: Registered nosave memory: [mem 0x000f0000-0x000fffff]
[    0.000000] e820: [mem 0x80000000-0xfebfffff] available for PCI devices
[    0.000000] Booting paravirtualized kernel on KVM
[    0.000000] clocksource: refined-jiffies: mask: 0xffffffff max_cycles: 0xffffffff, max_idle_ns: 7645519600211568 ns
[    0.000000] setup_percpu: NR_CPUS:8192 nr_cpumask_bits:2 nr_cpu_ids:2 nr_node_ids:1
[    0.000000] percpu: Embedded 50 pages/cpu s167936 r8192 d28672 u1048576
[    0.000000] PV qspinlock hash table entries: 256 (order: 0, 4096 bytes)
[    0.000000] Built 1 zonelists, mobility grouping on.  Total pages: 515961
[    0.000000] Policy zone: DMA32
[    0.000000] Kernel command line: BOOT_IMAGE=/boot/vmlinuz-4.15.0-213-generic root=UUID=f685bb41-0e3b-40c4-89c1-eea0f0583525 ro console=tty1 console=ttyS0
[    0.000000] Memory: 2013968K/2096696K available (12300K kernel code, 2477K rwdata, 4324K rodata, 2480K init, 2720K bss, 82728K reserved, 0K cma-reserved)
[    0.000000] SLUB: HWalign=64, Order=0-3, MinObjects=0, CPUs=2, Nodes=1
[    0.000000] Kernel/User page tables isolation: enabled
[    0.000000] ftrace: allocating 39508 entries in 155 pages
[    0.004000] Hierarchical RCU implementation.
[    0.004000] 	RCU restricting CPUs from NR_CPUS=8192 to nr_cpu_ids=2.
[    0.004000] 	Tasks RCU enabled.
[    0.004000] RCU: Adjusting geometry for rcu_fanout_leaf=16, nr_cpu_ids=2
[    0.004000] NR_IRQS: 524544, nr_irqs: 440, preallocated irqs: 16
[    0.004000] Console: colour VGA+ 80x25
[    0.004000] console [tty1] enabled
[    0.004000] console [ttyS0] enabled
[    0.004000] ACPI: Core revision 20170831
[    0.004000] ACPI: 2 ACPI AML tables successfully acquired and loaded
[    0.004000] APIC: Switch to symmetric I/O mode setup
[    0.004000] ..TIMER: vector=0x30 apic1=0 pin1=2 apic2=-1 pin2=-1
[    0.004012] tsc: Detected 1991.998 MHz processor
[    0.008023] Calibrating delay loop (skipped) preset value.. 3983.99 BogoMIPS (lpj=7967992)
[    0.012014] pid_max: default: 32768 minimum: 301
[    0.016203] Security Framework initialized
[    0.024009] Yama: becoming mindful.
[    0.028242] AppArmor: AppArmor initialized
[    0.064589] Dentry cache hash table entries: 262144 (order: 9, 2097152 bytes)
[    0.081017] Inode-cache hash table entries: 131072 (order: 8, 1048576 bytes)
[    0.084351] Mount-cache hash table entries: 4096 (order: 3, 32768 bytes)
[    0.088324] Mountpoint-cache hash table entries: 4096 (order: 3, 32768 bytes)
[    0.097941] Last level iTLB entries: 4KB 64, 2MB 8, 4MB 8
[    0.100012] Last level dTLB entries: 4KB 64, 2MB 0, 4MB 0, 1GB 4
[    0.104013] Spectre V1 : Mitigation: usercopy/swapgs barriers and __user pointer sanitization
[    0.108010] Spectre V2 : Mitigation: Retpolines
[    0.112008] Spectre V2 : Spectre v2 / SpectreRSB mitigation: Filling RSB on context switch
[    0.116009] Spectre V2 : Spectre v2 / SpectreRSB : Filling RSB on VMEXIT
[    0.124009] RETBleed: WARNING: Spectre v2 mitigation leaves CPU vulnerable to RETBleed attacks, data leaks possible!
[    0.128009] RETBleed: Vulnerable
[    0.132008] Speculative Store Bypass: Vulnerable
[    0.140406] MDS: Mitigation: Clear CPU buffers
[    0.144012] MMIO Stale Data: Mitigation: Clear CPU buffers
[    0.152304] Freeing SMP alternatives memory: 36K
[    0.276000] smpboot: CPU0: Intel(R) Core(TM) i7-8550U CPU @ 1.80GHz (family: 0x6, model: 0x8e, stepping: 0xa)
[    0.276000] Performance Events: unsupported p6 CPU model 142 no PMU driver, software events only.
[    0.276000] Hierarchical SRCU implementation.
[    0.280046] NMI watchdog: Perf event create on CPU 0 failed with -2
[    0.284010] NMI watchdog: Perf NMI watchdog permanently disabled
[    0.292777] smp: Bringing up secondary CPUs ...
[    0.301608] x86: Booting SMP configuration:
[    0.304011] .... node  #0, CPUs:      #1
[    0.004000] kvm-clock: cpu 1, msr 0:7ff44041, secondary cpu clock
[    0.350392] TSC synchronization [CPU#0 -> CPU#1]:
[    0.352000] Measured 101863 cycles TSC warp between CPUs, turning off TSC clock.
[    0.352000] tsc: Marking TSC unstable due to check_tsc_sync_source failed
[    0.360016] smp: Brought up 1 node, 2 CPUs
[    0.364020] smpboot: Max logical packages: 1
[    0.368018] smpboot: Total of 2 processors activated (7967.99 BogoMIPS)
[    0.380341] devtmpfs: initialized
[    0.384255] x86/mm: Memory block size: 128MB
[    0.393336] evm: security.selinux
[    0.396010] evm: security.SMACK64
[    0.400010] evm: security.SMACK64EXEC
[    0.404012] evm: security.SMACK64TRANSMUTE
[    0.408008] evm: security.SMACK64MMAP
[    0.412006] evm: security.apparmor
[    0.416008] evm: security.ima
[    0.420006] evm: security.capability
[    0.432670] clocksource: jiffies: mask: 0xffffffff max_cycles: 0xffffffff, max_idle_ns: 7645041785100000 ns
[    0.436021] futex hash table entries: 512 (order: 3, 32768 bytes)
[    0.440373] pinctrl core: initialized pinctrl subsystem
[    0.448582] RTC time: 10:43:23, date: 02/17/25
[    0.460156] NET: Registered protocol family 16
[    0.464494] audit: initializing netlink subsys (disabled)
[    0.468488] audit: type=2000 audit(1739789012.227:1): state=initialized audit_enabled=0 res=1
[    0.492020] cpuidle: using governor ladder
[    0.496020] cpuidle: using governor menu
[    0.500085] ACPI: bus type PCI registered
[    0.504007] acpiphp: ACPI Hot Plug PCI Controller Driver version: 0.5
[    0.509265] PCI: Using configuration type 1 for base access
[    0.528269] HugeTLB registered 2.00 MiB page size, pre-allocated 0 pages
[    0.541403] ACPI: Added _OSI(Module Device)
[    0.544012] ACPI: Added _OSI(Processor Device)
[    0.548011] ACPI: Added _OSI(3.0 _SCP Extensions)
[    0.552011] ACPI: Added _OSI(Processor Aggregator Device)
[    0.556015] ACPI: Added _OSI(Linux-Dell-Video)
[    0.560011] ACPI: Added _OSI(Linux-Lenovo-NV-HDMI-Audio)
[    0.564009] ACPI: Added _OSI(Linux-HPI-Hybrid-Graphics)
[    0.570277] ACPI: Executed 1 blocks of module-level executable AML code
[    0.587450] ACPI: Interpreter enabled
[    0.588030] ACPI: (supports S0 S5)
[    0.596023] ACPI: Using IOAPIC for interrupt routing
[    0.600989] PCI: Using host bridge windows from ACPI; if necessary, use "pci=nocrs" and report a bug
[    0.604751] ACPI: Enabled 2 GPEs in block 00 to 07
[    0.632732] ACPI: PCI Root Bridge [PCI0] (domain 0000 [bus 00-ff])
[    0.636018] acpi PNP0A03:00: _OSC: OS supports [ASPM ClockPM Segments MSI]
[    0.644883] acpi PNP0A03:00: _OSC: not requesting OS control; OS requires [ExtendedConfig ASPM ClockPM MSI]
[    0.648055] acpi PNP0A03:00: fail to add MMCONFIG information, can't access extended PCI configuration space under this bridge.
[    0.653937] PCI host bridge to bus 0000:00
[    0.656015] pci_bus 0000:00: root bus resource [io  0x0000-0x0cf7 window]
[    0.660014] pci_bus 0000:00: root bus resource [io  0x0d00-0xffff window]
[    0.664014] pci_bus 0000:00: root bus resource [mem 0x000a0000-0x000bffff window]
[    0.668019] pci_bus 0000:00: root bus resource [mem 0x80000000-0xfdffffff window]
[    0.672015] pci_bus 0000:00: root bus resource [bus 00-ff]
[    0.697563] pci 0000:00:01.1: legacy IDE quirk: reg 0x10: [io  0x01f0-0x01f7]
[    0.700009] pci 0000:00:01.1: legacy IDE quirk: reg 0x14: [io  0x03f6]
[    0.704016] pci 0000:00:01.1: legacy IDE quirk: reg 0x18: [io  0x0170-0x0177]
[    0.708009] pci 0000:00:01.1: legacy IDE quirk: reg 0x1c: [io  0x0376]
[    0.856543] pci 0000:00:07.0: quirk: [io  0x4000-0x403f] claimed by PIIX4 ACPI
[    0.908120] pci 0000:00:07.0: quirk: [io  0x4100-0x410f] claimed by PIIX4 SMB
[    1.012888] ACPI: PCI Interrupt Link [LNKA] (IRQs 5 9 10 *11)
[    1.065909] ACPI: PCI Interrupt Link [LNKB] (IRQs 5 9 *10 11)
[    1.117298] ACPI: PCI Interrupt Link [LNKC] (IRQs 5 *9 10 11)
[    1.161371] ACPI: PCI Interrupt Link [LNKD] (IRQs 5 9 10 *11)
[    1.221407] SCSI subsystem initialized
[    1.256315] pci 0000:00:02.0: vgaarb: setting as boot VGA device
[    1.260000] pci 0000:00:02.0: vgaarb: VGA device added: decodes=io+mem,owns=io+mem,locks=none
[    1.420020] pci 0000:00:02.0: vgaarb: bridge control possible
[    1.492011] vgaarb: loaded
[    1.536573] ACPI: bus type USB registered
[    1.588149] usbcore: registered new interface driver usbfs
[    1.648049] usbcore: registered new interface driver hub
[    1.708167] usbcore: registered new device driver usb
[    1.776399] EDAC MC: Ver: 3.0.0
[    1.844333] PCI: Using ACPI for IRQ routing
[    1.908364] NetLabel: Initializing
[    1.956010] NetLabel:  domain hash size = 128
[    1.992010] NetLabel:  protocols = UNLABELED CIPSOv4 CALIPSO
[    2.068146] NetLabel:  unlabeled traffic allowed by default
[    2.152565] clocksource: Switched to clocksource kvm-clock
[    2.618386] VFS: Disk quotas dquot_6.6.0
[    2.636628] VFS: Dquot-cache hash table entries: 512 (order 0, 4096 bytes)
[    2.668950] AppArmor: AppArmor Filesystem Enabled
[    2.687373] pnp: PnP ACPI init
[    2.713766] pnp: PnP ACPI: found 3 devices
[    2.768597] clocksource: acpi_pm: mask: 0xffffff max_cycles: 0xffffff, max_idle_ns: 2085701024 ns
[    2.800779] NET: Registered protocol family 2
[    2.831115] IP idents hash table entries: 32768 (order: 6, 262144 bytes)
[    2.863461] TCP established hash table entries: 16384 (order: 5, 131072 bytes)
[    2.913973] TCP bind hash table entries: 16384 (order: 6, 262144 bytes)
[    2.964800] TCP: Hash tables configured (established 16384 bind 16384)
[    3.006827] UDP hash table entries: 1024 (order: 3, 32768 bytes)
[    3.029501] UDP-Lite hash table entries: 1024 (order: 3, 32768 bytes)
[    3.070268] NET: Registered protocol family 1
[    3.086832] pci 0000:00:00.0: Limiting direct PCI/PCI transfers
[    3.154480] pci 0000:00:01.0: Activating ISA DMA hang workarounds
[    3.232944] pci 0000:00:02.0: Video device with shadowed ROM at [mem 0x000c0000-0x000dffff]
[    3.287951] Unpacking initramfs...
[    5.831690] Freeing initrd memory: 20396K
[    5.845135] clocksource: tsc: mask: 0xffffffffffffffff max_cycles: 0x396d4e5fc9d, max_idle_ns: 881590756024 ns
[    5.871133] platform rtc_cmos: registered platform RTC device (no PNP device found)
[    5.893298] Scanning for low memory corruption every 60 seconds
[    5.912760] Initialise system trusted keyrings
[    5.925437] Key type blacklist registered
[    5.938630] workingset: timestamp_bits=36 max_order=19 bucket_order=0
[    5.963979] zbud: loaded
[    5.975668] squashfs: version 4.0 (2009/01/31) Phillip Lougher
[    5.990888] fuse init (API version 7.26)
[    6.059739] Key type asymmetric registered
[    6.070134] Asymmetric key parser 'x509' registered
[    6.082155] Block layer SCSI generic (bsg) driver version 0.4 loaded (major 246)
[    6.107284] io scheduler noop registered
[    6.121778] io scheduler deadline registered
[    6.135372] io scheduler cfq registered (default)
[    6.152543] ACPI: AC Adapter [AC] (on-line)
[    6.164369] input: Power Button as /devices/LNXSYSTM:00/LNXPWRBN:00/input/input0
[    6.187710] ACPI: Power Button [PWRF]
[    6.203012] input: Sleep Button as /devices/LNXSYSTM:00/LNXSLPBN:00/input/input1
[    6.267112] ACPI: Sleep Button [SLPF]
[    6.345930] Serial: 8250/16550 driver, 32 ports, IRQ sharing enabled
[    6.350520] ACPI: Battery Slot [BAT0] (battery present)
[    6.476821] 00:02: ttyS0 at I/O 0x3f8 (irq = 4, base_baud = 115200) is a 16550A
[    6.500933] Linux agpgart interface v0.103
[    6.530882] loop: module loaded
[    6.546406] scsi host0: ata_piix
[    6.558166] scsi host1: ata_piix
[    6.566966] ata1: PATA max UDMA/33 cmd 0x1f0 ctl 0x3f6 bmdma 0xd000 irq 14
[    6.583900] ata2: PATA max UDMA/33 cmd 0x170 ctl 0x376 bmdma 0xd008 irq 15
[    6.601886] tun: Universal TUN/TAP device driver, 1.6
[    6.619297] PPP generic driver version 2.4.2
[    6.632490] ehci_hcd: USB 2.0 'Enhanced' Host Controller (EHCI) Driver
[    6.648674] ehci-pci: EHCI PCI platform driver
[    6.661217] ehci-platform: EHCI generic platform driver
[    6.675123] ohci_hcd: USB 1.1 'Open' Host Controller (OHCI) Driver
[    6.690974] ohci-pci: OHCI PCI platform driver
[    6.702232] ohci-platform: OHCI generic platform driver
[    6.716429] uhci_hcd: USB Universal Host Controller Interface driver
[    6.732896] i8042: PNP: PS/2 Controller [PNP0303:PS2K,PNP0f03:PS2M] at 0x60,0x64 irq 1,12
[    6.769227] serio: i8042 KBD port at 0x60,0x64 irq 1
[    6.891253] serio: i8042 AUX port at 0x60,0x64 irq 12
[    7.072375] mousedev: PS/2 mouse device common for all mice
[    7.102176] rtc_cmos rtc_cmos: rtc core: registered rtc_cmos as rtc0
[    7.192477] rtc_cmos rtc_cmos: alarms up to one day, 114 bytes nvram
[    7.215770] i2c /dev entries driver
[    7.248705] input: AT Translated Set 2 keyboard as /devices/platform/i8042/serio0/input/input2
[    7.285206] device-mapper: uevent: version 1.0.3
[    7.304484] device-mapper: ioctl: 4.37.0-ioctl (2017-09-20) initialised: dm-devel@redhat.com
[    7.334259] ledtrig-cpu: registered to indicate activity on CPUs
[    7.366239] NET: Registered protocol family 10
[    7.420859] Segment Routing with IPv6
[    7.434090] NET: Registered protocol family 17
[    7.451459] Key type dns_resolver registered
[    7.470667] mce: Using 0 MCE banks
[    7.484916] RAS: Correctable Errors collector initialized.
[    7.507359] sched_clock: Marking stable (7507070039, 0)->(10897904465, -3390834426)
[    7.559189] registered taskstats version 1
[    7.576685] Loading compiled-in X.509 certificates
[    7.610189] Loaded X.509 cert 'Build time autogenerated kernel key: cdc7189136aaa35407544516090e2034d9c28e14'
[    7.637247] Loaded X.509 cert 'Canonical Ltd. Live Patch Signing: 14df34d1a87cf37625abec039ef2bf521249b969'
[    7.664512] Loaded X.509 cert 'Canonical Ltd. Kernel Module Signing: 88f752e560a1e0737e31163a466ad7b70a850c19'
[    7.688481] blacklist: Loading compiled-in revocation X.509 certificates
[    7.705237] Loaded X.509 cert 'Canonical Ltd. Secure Boot Signing: 61482aa2830d0ab2ad5af10b7250da9033ddcef0'
[    7.728610] Loaded X.509 cert 'Canonical Ltd. Secure Boot Signing (2017): 242ade75ac4a15e50d50c84b0d45ff3eae707a03'
[    7.753150] Loaded X.509 cert 'Canonical Ltd. Secure Boot Signing (ESM 2018): 365188c1d374d6b07c3c8f240f8ef722433d6a8b'
[    7.782859] Loaded X.509 cert 'Canonical Ltd. Secure Boot Signing (2019): c0746fd6c5da3ae827864651ad66ae47fe24b3e8'
[    7.810024] Loaded X.509 cert 'Canonical Ltd. Secure Boot Signing (2021 v1): a8d54bbb3825cfb94fa13c9f8a594a195c107b8d'
[    7.838404] Loaded X.509 cert 'Canonical Ltd. Secure Boot Signing (2021 v2): 4cf046892d6fd3c9a5b03f98d845f90851dc6a8c'
[    7.865783] Loaded X.509 cert 'Canonical Ltd. Secure Boot Signing (2021 v3): 100437bb6de6e469b581e61cd66bce3ef4ed53af'
[    7.893962] Loaded X.509 cert 'Canonical Ltd. Secure Boot Signing (Ubuntu Core 2019): c1d57b8f6b743f23ee41f4f7ee292f06eecadfb9'
[    7.919610] zswap: loaded using pool lzo/zbud
[    7.958567] Key type big_key registered
[    7.969162] Key type trusted registered
[    7.991265] Key type encrypted registered
[    8.002048] AppArmor: AppArmor sha1 policy hashing enabled
[    8.017233] ima: No TPM chip found, activating TPM-bypass! (rc=-19)
[    8.035297] ima: Allocated hash algorithm: sha1
[    8.048028] evm: HMAC attrs: 0x1
[    8.060067]   Magic number: 13:994:729
[    8.073601] rtc_cmos rtc_cmos: setting system clock to 2025-02-17 10:43:32 UTC (1739789012)
[    8.109265] BIOS EDD facility v0.16 2004-Jun-25, 0 devices found
[    8.161872] EDD information not available.
[    8.194568] Freeing unused kernel image memory: 2480K
[    8.224224] Write protecting the kernel read-only data: 20480k
[    8.241283] Freeing unused kernel image memory: 2008K
[    8.254625] Freeing unused kernel image memory: 1820K
[    8.281094] x86/mm: Checked W+X mappings: passed, no W+X pages found.
[    8.296988] x86/mm: Checking user space page tables
[    8.319310] x86/mm: Checked W+X mappings: passed, no W+X pages found.
Loading, please wait...
starting version 237
[    8.629275] Fusion MPT base driver 3.04.20
[    8.641476] Copyright (c) 1999-2008 LSI Corporation
[    8.699297] e1000: Intel(R) PRO/1000 Network Driver - version 7.3.21-k8-NAPI
[    8.719061] e1000: Copyright (c) 1999-2006 Intel Corporation.
[    8.844070] Fusion MPT SPI Host driver 3.04.20
[    9.151842] input: ImExPS/2 Generic Explorer Mouse as /devices/platform/i8042/serio1/input/input4
[   10.330585] e1000 0000:00:03.0 eth0: (PCI:33MHz:32-bit) 02:3b:7b:b7:3b:2d
[   10.346096] e1000 0000:00:03.0 eth0: Intel(R) PRO/1000 Network Connection
[   10.377385] e1000 0000:00:03.0 enp0s3: renamed from eth0
[   10.392527] mptbase: ioc0: Initiating bringup
[   10.524784] ioc0: LSI53C1030 A0: Capabilities={Initiator}
[   11.796729] scsi host2: ioc0: LSI53C1030 A0, FwRev=00000000h, Ports=1, MaxQ=256, IRQ=20
[   12.364766] scsi 2:0:0:0: Direct-Access     VBOX     HARDDISK         1.0  PQ: 0 ANSI: 5
[   13.002089] scsi target2:0:0: Beginning Domain Validation
[   13.029102] scsi target2:0:0: Domain Validation skipping write tests
[   13.052638] scsi target2:0:0: Ending Domain Validation
[   13.067267] scsi target2:0:0: asynchronous
[   13.084410] scsi 2:0:1:0: Direct-Access     VBOX     HARDDISK         1.0  PQ: 0 ANSI: 5
[   13.712192] scsi target2:0:1: Beginning Domain Validation
[   13.746332] scsi target2:0:1: Domain Validation skipping write tests
[   13.760461] scsi target2:0:1: Ending Domain Validation
[   13.773992] scsi target2:0:1: asynchronous
[   13.816577] sd 2:0:0:0: [sda] 83886080 512-byte logical blocks: (42.9 GB/40.0 GiB)
[   13.840246] sd 2:0:0:0: [sda] Write Protect is off
[   13.860500] sd 2:0:0:0: Attached scsi generic sg0 type 0
[   13.864812] sd 2:0:0:0: [sda] Incomplete mode parameter data
[   13.897756] sd 2:0:0:0: [sda] Assuming drive cache: write through
[   13.898603] sd 2:0:1:0: Attached scsi generic sg1 type 0
[   13.938694] sd 2:0:1:0: [sdb] 20480 512-byte logical blocks: (10.5 MB/10.0 MiB)
[   13.964834] sd 2:0:1:0: [sdb] Write Protect is off
[   13.983202] sd 2:0:1:0: [sdb] Incomplete mode parameter data
[   13.998041] sd 2:0:1:0: [sdb] Assuming drive cache: write through
[   14.015579]  sda: sda1
[   14.031432] sd 2:0:0:0: [sda] Attached SCSI disk
[   14.039835] sd 2:0:1:0: [sdb] Attached SCSI disk
Begin: Loading essential drivers ... [   19.007182] raid6: sse2x1   gen() 72712 MB/s
[   20.007271] raid6: sse2x1   xor() 84907 MB/s
[   22.221607] raid6: sse2x2   gen() 68287 MB/s
[   24.003453] raid6: sse2x2   xor() 33533 MB/s
[   24.074194] raid6: sse2x4   gen()  2754 MB/s
[   24.233757] raid6: sse2x4   xor()  2197 MB/s
[   24.250337] raid6: using algorithm sse2x1 gen() 72712 MB/s
[   24.268395] raid6: .... xor() 84907 MB/s, rmw enabled
[   24.286007] raid6: using ssse3x2 recovery algorithm
[   24.367994] xor: measuring software checksum speed
[   24.480204]    prefetch64-sse: 36993.000 MB/sec
[   24.691891]    generic_sse: 15198.000 MB/sec
[   24.715576] xor: using function: prefetch64-sse (36993.000 MB/sec)
[   24.758907] async_tx: api initialized (async)
done.
Begin: Running /scripts/init-premount ... done.
Begin: Mounting root file system ... Begin: Running /scripts/local-top ... done.
Begin: Running /scripts/local-premount ... [   25.503306] Btrfs loaded, crc32c=crc32c-intel
Scanning for Btrfs filesystems
done.
Begin: Will now check root file system ... fsck from util-linux 2.31.1
[/sbin/fsck.ext4 (1) -- /dev/sda1] fsck.ext4 -a -C0 /dev/sda1 
cloudimg-rootfs: recovering journal
cloudimg-rootfs: Clearing orphaned inode 12545 (uid=111, gid=116, mode=0100600, size=0)
cloudimg-rootfs: Clearing orphaned inode 12640 (uid=111, gid=116, mode=0100600, size=0)
cloudimg-rootfs: Clearing orphaned inode 12637 (uid=111, gid=116, mode=0100600, size=0)
cloudimg-rootfs: Clearing orphaned inode 12636 (uid=111, gid=116, mode=0100600, size=0)
cloudimg-rootfs: Clearing orphaned inode 12634 (uid=111, gid=116, mode=0100600, size=0)
cloudimg-rootfs: clean, 100186/5120000 files, 829114/10485499 blocks
done.
[   27.468965] EXT4-fs (sda1): mounted filesystem with ordered data mode. Opts: (null)
done.
Begin: Running /scripts/local-bottom ... done.
Begin: Running /scripts/init-bottom ... done.
[   28.906311] ip_tables: (C) 2000-2006 Netfilter Core Team
[   28.983695] systemd[1]: systemd 237 running in system mode. (+PAM +AUDIT +SELINUX +IMA +APPARMOR +SMACK +SYSVINIT +UTMP +LIBCRYPTSETUP +GCRYPT +GNUTLS +ACL +XZ +LZ4 +SECCOMP +BLKID +ELFUTILS +KMOD -IDN2 +IDN -PCRE2 default-hierarchy=hybrid)
[   29.049506] systemd[1]: Detected virtualization oracle.
[   29.068390] systemd[1]: Detected architecture x86-64.

Welcome to [1mUbuntu 18.04.6 LTS[0m!

[   29.370934] systemd[1]: Set hostname to <ubuntu-bionic>.
[   29.461009] random: crng init done
[   30.666211] systemd[1]: Reached target Swap.
[[0;32m  OK  [0m] Reached target Swap.
[   30.868086] systemd[1]: Created slice User and Session Slice.
[[0;32m  OK  [0m] Created slice User and Session Slice.
[   30.913055] systemd[1]: Reached target System Time Synchronized.
[[0;32m  OK  [0m] Reached target System Time Synchronized.
[   30.938121] systemd[1]: Reached target Mounting snaps.
[[0;32m  OK  [0m] Reached target Mounting snaps.
[   30.959992] systemd[1]: Created slice System Slice.
[[0;32m  OK  [0m] Created slice System Slice.
[   30.980970] systemd[1]: Reached target Slices.
[[0;32m  OK  [0m] Reached target Slices.
[[0;32m  OK  [0m] Listening on udev Control Socket.
[[0;32m  OK  [0m] Created slice system-serial\x2dgetty.slice.
[[0;32m  OK  [0m] Listening on LVM2 metadata daemon socket.
[[0;32m  OK  [0m] Listening on udev Kernel Socket.
[[0;32m  OK  [0m] Started Forward Password Requests to Wall Directory Watch.
[[0;32m  OK  [0m] Listening on Journal Audit Socket.
[[0;32m  OK  [0m] Reached target Mounted snaps.
[[0;32m  OK  [0m] Listening on fsck to fsckd communication Socket.
[[0;32m  OK  [0m] Set up automount Arbitrary Executab…rmats File System Automount Point.
[[0;32m  OK  [0m] Reached target User and Group Name Lookups.
[[0;32m  OK  [0m] Listening on Syslog Socket.
[[0;32m  OK  [0m] Listening on /dev/initctl Compatibility Named Pipe.
[[0;32m  OK  [0m] Listening on Device-mapper event daemon FIFOs.
[[0;32m  OK  [0m] Listening on Journal Socket.
         Starting Uncomplicated firewall...
         Starting udev Coldplug all Devices...
         Starting Monitoring of LVM2 mirrors…ng dmeventd or progress polling...
         Starting Load Kernel Modules...
         Mounting Huge Pages File System...
         Mounting Kernel Debug File System...
         Starting Remount Root and Kernel File Systems...
         Starting Create list of required st…ce nodes for the current kernel...
[[0;32m  OK  [0m] Listening on Network Service Netlink Socket.
[[0;32m  OK  [0m] Listening on Journal Socket (/dev/log).
[   31.921382] EXT4-fs (sda1): re-mounted. Opts: (null)
[   31.989122] Loading iSCSI transport class v2.0-870.
         Starting Journal Service...
         Mounting POSIX Message Queue File System...
[[0;32m  OK  [0m] Listening on LVM2 poll daemon socket.
         Starting Set the console keyboard layout...
[[0;32m  OK  [0m] Started Uncomplicated firewall.
[[0;32m  OK  [0m] Mounted Huge Pages File System.
[[0;32m  OK  [0m] Mounted Kernel Debug File System.
[[0;32m  OK  [0m] Started Remount Root and Kernel File Systems.
[[0;32m  OK  [0m] Started Create list of required sta…vice nodes for the current kernel.
[[0;32m  OK  [0m] Mounted POSIX Message Queue File System.
[   32.386612] iscsi: registered transport (tcp)
[[0;32m  OK  [0m] Started LVM2 metadata daemon.
         Starting Create Static Device Nodes in /dev...
         Starting Load/Save Random Seed...
[[0;32m  OK  [0m] Started Create Static Device Nodes in /dev.
[[0;32m  OK  [0m] Started udev Coldplug all Devices.
[[0;32m  OK  [0m] Started Monitoring of LVM2 mirrors,…sing dmeventd or progress polling.
[[0;32m  OK  [0m] Started Load/Save Random Seed.
         Starting udev Kernel Device Manager...
[[0;32m  OK  [0m] Started Journal Service.
         Starting Flush Journal to Persistent Storage...
[   33.224822] iscsi: registered transport (iser)
[[0;32m  OK  [0m] Started Load Kernel Modules.
         Starting Apply Kernel Variables...
         Mounting Kernel Configuration File System...
         Mounting FUSE Control File System...
[[0;32m  OK  [0m] Mounted Kernel Configuration File System.
[[0;32m  OK  [0m] Mounted FUSE Control File System.
[   33.424132] systemd-journald[391]: Received request to flush runtime journal from PID 1
[[0;32m  OK  [0m] Started Apply Kernel Variables.
[[0;32m  OK  [0m] Started udev Kernel Device Manager.
[[0;32m  OK  [0m] Started Set the console keyboard layout.
[[0;32m  OK  [0m] Started Dispatch Password Requests to Console Directory Watch.
[[0;32m  OK  [0m] Reached target Local Encrypted Volumes.
[[0;32m  OK  [0m] Reached target Local File Systems (Pre).
[[0;32m  OK  [0m] Reached target Local File Systems.
         Starting Set console font and keymap...
         Starting ebtables ruleset management...
         Starting AppArmor initialization...
         Starting Tell Plymouth To Write Out Runtime Data...
[[0;32m  OK  [0m] Started Set console font and keymap.
[[0;32m  OK  [0m] Started Flush Journal to Persistent Storage.
[[0;32m  OK  [0m] Started Tell Plymouth To Write Out Runtime Data.
         Starting Create Volatile Files and Directories...
[[0;32m  OK  [0m] Started Create Volatile Files and Directories.
         Starting Update UTMP about System Boot/Shutdown...
[[0;32m  OK  [0m] Started ebtables ruleset management.
[[0;32m  OK  [0m] Started Update UTMP about System Boot/Shutdown.
[[0;32m  OK  [0m] Started AppArmor initialization.
[[0;32m  OK  [0m] Found device /dev/ttyS0.
         Starting Load AppArmor profiles managed internally by snapd...
         Starting Initial cloud-init job (pre-networking)...
[[0;32m  OK  [0m] Listening on Load/Save RF Kill Switch Status /dev/rfkill Watch.
         Mounting Arbitrary Executable File Formats File System...
[[0;32m  OK  [0m] Mounted Arbitrary Executable File Formats File System.
[[0;32m  OK  [0m] Started Load AppArmor profiles managed internally by snapd.
[   54.772805] cloud-init[510]: Cloud-init v. 23.1.2-0ubuntu0~18.04.1 running 'init-local' at Mon, 17 Feb 2025 10:44:16 +0000. Up 52.33 seconds.
[[0;32m  OK  [0m] Started Initial cloud-init job (pre-networking).
[[0;32m  OK  [0m] Reached target Network (Pre).
         Starting Network Service...
[[0;32m  OK  [0m] Started Network Service.
         Starting Wait for Network to be Configured...
         Starting Network Name Resolution...
[[0;32m  OK  [0m] Started Wait for Network to be Configured.
         Starting Initial cloud-init job (metadata service crawler)...
[[0;32m  OK  [0m] Started Network Name Resolution.
[[0;32m  OK  [0m] Reached target Host and Network Name Lookups.
[[0;32m  OK  [0m] Reached target Network.
[   65.677173] cloud-init[650]: Cloud-init v. 23.1.2-0ubuntu0~18.04.1 running 'init' at Mon, 17 Feb 2025 10:44:27 +0000. Up 63.28 seconds.
[   65.711391] cloud-init[650]: ci-info: ++++++++++++++++++++++++++++++++++++++Net device info++++++++++++++++++++++++++++++++++++++
[   65.744639] cloud-init[650]: ci-info: +--------+------+----------------------------+---------------+--------+-------------------+
[   65.797303] cloud-init[650]: ci-info: | Device |  Up  |          Address           |      Mask     | Scope  |     Hw-Address    |
[   65.853741] cloud-init[650]: ci-info: +--------+------+----------------------------+---------------+--------+-------------------+
[   65.933082] cloud-init[650]: ci-info: | enp0s3 | True |         10.0.2.15          | 255.255.255.0 | global | 02:3b:7b:b7:3b:2d |
[   65.991903] cloud-init[650]: ci-info: | enp0s3 | True | fe80::3b:7bff:feb7:3b2d/64 |       .       |  link  | 02:3b:7b:b7:3b:2d |
[   66.045819] cloud-init[650]: ci-info: |   lo   | True |         127.0.0.1          |   255.0.0.0   |  host  |         .         |
[   66.110997] cloud-init[650]: ci-info: |   lo   | True |          ::1/128           |       .       |  host  |         .         |
[   66.125370] cloud-init[650]: ci-info: +--------+------+----------------------------+---------------+--------+-------------------+
[   66.138485] cloud-init[650]: ci-info: ++++++++++++++++++++++++++++Route IPv4 info+++++++++++++++++++++++++++++
[   66.229817] cloud-init[650]: ci-info: +-------+-------------+----------+-----------------+-----------+-------+
[   66.257226] cloud-init[650]: ci-info: | Route | Destination | Gateway  |     Genmask     | Interface | Flags |
[   66.377420] cloud-init[650]: ci-info: +-------+-------------+----------+-----------------+-----------+-------+
[   66.503118] cloud-init[650]: ci-info: |   0   |   0.0.0.0   | 10.0.2.2 |     0.0.0.0     |   enp0s3  |   UG  |
[   66.529068] cloud-init[650]: ci-info: |   1   |   10.0.2.0  | 0.0.0.0  |  255.255.255.0  |   enp0s3  |   U   |
[   66.603197] cloud-init[650]: ci-info: |   2   |   10.0.2.2  | 0.0.0.0  | 255.255.255.255 |   enp0s3  |   UH  |
[   66.645440] cloud-init[650]: ci-info: +-------+-------------+----------+-----------------+-----------+-------+
[   66.677577] cloud-init[650]: ci-info: +++++++++++++++++++Route IPv6 info+++++++++++++++++++
[   66.845593] cloud-init[650]: ci-info: +-------+-------------+---------+-----------+-------+
[   67.087074] cloud-init[650]: ci-info: | Route | Destination | Gateway | Interface | Flags |
[   67.290449] cloud-init[650]: ci-info: +-------+-------------+---------+-----------+-------+
[   67.336263] cloud-init[650]: ci-info: |   1   |  fe80::/64  |    ::   |   enp0s3  |   U   |
[   67.472167] cloud-init[650]: ci-info: |   3   |    local    |    ::   |   enp0s3  |   U   |
[   67.638098] cloud-init[650]: ci-info: |   4   |   ff00::/8  |    ::   |   enp0s3  |   U   |
[   67.741843] cloud-init[650]: ci-info: +-------+-------------+---------+-----------+-------+
[[0;32m  OK  [0m] Started Initial cloud-init job (metadata service crawler).
[[0;32m  OK  [0m] Reached target Network is Online.
[[0;32m  OK  [0m] Reached target Remote File Systems (Pre).
         Mounting /vagrant...
         Starting Availability of block devices...
[[0;32m  OK  [0m] Reached target Cloud-config availability.
[[0;32m  OK  [0m] Reached target System Initialization.
[[0;32m  OK  [0m] Started Daily Cleanup of Temporary Directories.
[[0;32m  OK  [0m] Started Ubuntu Advantage Timer for running repeated jobs.
         Starting Socket activation for snappy daemon.
[[0;32m  OK  [0m] Started Daily apt download activities.
[[0;32m  OK  [0m] Listening on UUID daemon activation socket.
[[0;32m  OK  [0m] Started Message of the Day.
[[0;32m  OK  [0m] Listening on D-Bus System Message Bus Socket.
         Starting LXD - unix socket.
[[0;32m  OK  [0m] Listening on cloud-init hotplug hook socket.
[[0;32m  OK  [0m] Listening on Open-iSCSI iscsid Socket.
[[0;32m  OK  [0m] Started Discard unused blocks once a week.
[[0;32m  OK  [0m] Started Daily apt upgrade and clean activities.
[[0;32m  OK  [0m] Reached target Timers.
[[0;32m  OK  [0m] Started ACPI Events Check.
[[0;32m  OK  [0m] Reached target Paths.
[[0;32m  OK  [0m] Listening on ACPID Listen Socket.
[[0;32m  OK  [0m] Started Availability of block devices.
[[0;32m  OK  [0m] Listening on Socket activation for snappy daemon.
[[0;32m  OK  [0m] Listening on LXD - unix socket.
[[0;32m  OK  [0m] Reached target Sockets.
[[0;32m  OK  [0m] Reached target Basic System.
         Starting Message of the Day...
         Starting A high performance web server and a reverse proxy server...
         Starting Dispatcher daemon for systemd-networkd...
[[0;32m  OK  [0m] Started D-Bus System Message Bus.
         Starting OpenBSD Secure Shell server...
[[0;32m  OK  [0m] Reached target Login Prompts (Pre).
[[0;32m  OK  [0m] Started FUSE filesystem for LXC.
         Starting Login Service...
[[0;32m  OK  [0m] Started Deferred execution scheduler.
         Starting System Logging Service...
[[0;32m  OK  [0m] Started Regular background program processing daemon.
         Starting Snap Daemon...
         Starting MySQL Community Server...
[[0;32m  OK  [0m] Started irqbalance daemon.
         Starting LSB: Record successful boot for GRUB...
         Starting Virtualbox guest utils...
         Starting Discard unused blocks...
         Starting Accounts Service...
         Starting LXD - container startup/shutdown...
[[0;32m  OK  [0m] Mounted /vagrant.
[[0;32m  OK  [0m] Reached target Remote File Systems.
         Starting LSB: automatic crash report generation...
         Starting Permit User Sessions...
[[0;32m  OK  [0m] Started System Logging Service.
[[0;32m  OK  [0m] Started Discard unused blocks.
[[0;32m  OK  [0m] Started Permit User Sessions.
         Starting Hold until boot process finishes up...
         Starting Terminate Plymouth Boot Screen...
[[0;32m  OK  [0m] Started Hold until boot process finishes up.
         Starting Set console scheme...
[[0;32m  OK  [0m] Started Serial Getty on ttyS0.
[[0;32m  OK  [0m] Started Terminate Plymouth Boot Screen.
[[0;32m  OK  [0m] Started Set console scheme.
[[0;32m  OK  [0m] Created slice system-getty.slice.
[[0;32m  OK  [0m] Started Getty on tty1.
[[0;32m  OK  [0m] Reached target Login Prompts.
[[0;32m  OK  [0m] Started OpenBSD Secure Shell server.
[[0;32m  OK  [0m] Started A high performance web server and a reverse proxy server.
[[0;32m  OK  [0m] Started Login Service.
[[0;32m  OK  [0m] Started Unattended Upgrades Shutdown.
[[0;32m  OK  [0m] Started Dispatcher daemon for systemd-networkd.
[[0;32m  OK  [0m] Started LSB: automatic crash report generation.
         Starting Authorization Manager...
[[0;32m  OK  [0m] Started LSB: Record successful boot for GRUB.
[[0;32m  OK  [0m] Started Authorization Manager.
[[0;32m  OK  [0m] Started Accounts Service.
[[0;32m  OK  [0m] Started Virtualbox guest utils.

Ubuntu 18.04.6 LTS ubuntu-bionic ttyS0

ubuntu-bionic login: [   92.396693] cloud-init[979]: Cloud-init v. 23.1.2-0ubuntu0~18.04.1 running 'modules:config' at Mon, 17 Feb 2025 10:44:56 +0000. Up 91.73 seconds.
[   96.820403] cloud-init[1049]: Cloud-init v. 23.1.2-0ubuntu0~18.04.1 running 'modules:final' at Mon, 17 Feb 2025 10:44:59 +0000. Up 95.21 seconds.
[   96.820704] cloud-init[1049]: Cloud-init v. 23.1.2-0ubuntu0~18.04.1 finished at Mon, 17 Feb 2025 10:45:01 +0000. Datasource DataSourceNoCloud [seed=/dev/sdb][dsmode=net].  Up 96.74 seconds
